============================= test session starts =============================
platform win32 -- Python 3.11.9, pytest-9.0.2, pluggy-1.6.0
rootdir: C:\Users\HuyNguyen\Development\personal\mcp-iot-poc\agent
configfile: pytest.ini
plugins: anyio-4.12.1, asyncio-1.3.0, cov-7.0.0
asyncio: mode=Mode.AUTO, debug=False, asyncio_default_fixture_loop_scope=None, asyncio_default_test_loop_scope=function
collected 3 items

agent\tests\test_web_dashboard.py ...                                    [100%]

============================== 3 passed in 1.08s ==============================
